<?xml version="1.0" encoding="UTF-8"?>
<testng-results skipped="0" failed="0" total="1" passed="1">
  <reporter-output>
  </reporter-output>
  <suite name="Suite" duration-ms="24582" started-at="2019-04-07T07:00:01Z" finished-at="2019-04-07T07:00:26Z">
    <groups>
    </groups>
    <test name="Test" duration-ms="24582" started-at="2019-04-07T07:00:01Z" finished-at="2019-04-07T07:00:26Z">
      <class name="com.auto.test.DemoAutoTest">
        <test-method status="PASS" signature="demoTest()[pri:0, instance:com.auto.test.DemoAutoTest@42d3bd8b]" name="demoTest" duration-ms="24514" started-at="2019-04-07T12:30:01Z" finished-at="2019-04-07T12:30:26Z">
          <reporter-output>
          </reporter-output>
        </test-method> <!-- demoTest -->
      </class> <!-- com.auto.test.DemoAutoTest -->
    </test> <!-- Test -->
  </suite> <!-- Suite -->
</testng-results>
