<?xml version="1.0" encoding="UTF-8"?>
<testng-results skipped="0" failed="0" total="1" passed="1">
  <reporter-output>
  </reporter-output>
  <suite name="Suite" duration-ms="22609" started-at="2019-04-07T05:49:34Z" finished-at="2019-04-07T05:49:57Z">
    <groups>
    </groups>
    <test name="Test" duration-ms="22609" started-at="2019-04-07T05:49:34Z" finished-at="2019-04-07T05:49:57Z">
      <class name="com.auto.test.DemoAutoTest">
        <test-method status="PASS" signature="demoTest()[pri:0, instance:com.auto.test.DemoAutoTest@4cc0edeb]" name="demoTest" duration-ms="22500" started-at="2019-04-07T11:19:35Z" finished-at="2019-04-07T11:19:57Z">
          <reporter-output>
          </reporter-output>
        </test-method> <!-- demoTest -->
      </class> <!-- com.auto.test.DemoAutoTest -->
    </test> <!-- Test -->
  </suite> <!-- Suite -->
</testng-results>
